2018-04-09 12:45:03 UTC [ussd-framework-logger] DEBUG New ussd request: UssdRequest{mobile=233245366631, sessionId=bC5762U2Sg0k2eT6U0ZgNmEUUZygYnYp, serviceCode=*714*100#, type=Initiation, message=*714*100#, operator=mtn, sequence=1, clientState=, autoDialOriginated=, autoDialIndex=0} 
2018-04-09 12:45:03 UTC [ussd-framework-logger] DEBUG Sending ussd response: UssdResponse{type=Response, message=PHP UssdFramework
1. Form Inputs
2. Redirect
3. Another Class
4. Render
5. List Items
6. Api Calls
7. Exit
, clientState=, exception=, nextRoute=UssdApp\MainController.menuProcessor, redirect=, autoDialOn=1} 
2018-04-09 17:35:54 UTC [ussd-framework-logger] DEBUG New ussd request: UssdRequest{mobile=233245366631, sessionId=gBnNfXEhCFZJtCcjkuRKd4mb8G9TORgt, serviceCode=*714*100#, type=Initiation, message=*714*100#, operator=mtn, sequence=1, clientState=, autoDialOriginated=, autoDialIndex=0} 
2018-04-09 17:35:54 UTC [ussd-framework-logger] DEBUG Sending ussd response: UssdResponse{type=Response, message=PHP UssdFramework
1. Form Inputs
2. Redirect
3. Another Class
4. Render
5. List Items
6. Api Calls
7. Exit
, clientState=, exception=, nextRoute=UssdApp\MainController.menuProcessor, redirect=, autoDialOn=1} 
2018-04-09 17:36:13 UTC [ussd-framework-logger] DEBUG New ussd request: UssdRequest{mobile=233245366631, sessionId=gBnNfXEhCFZJtCcjkuRKd4mb8G9TORgt, serviceCode=*714*100#, type=Response, message=1, operator=mtn, sequence=2, clientState=, autoDialOriginated=, autoDialIndex=0} 
2018-04-09 17:36:13 UTC [ussd-framework-logger] DEBUG Sending ussd response: UssdResponse{type=, message=, clientState=, exception=, nextRoute=UssdApp\MainController.form_input, redirect=1, autoDialOn=1} 
2018-04-09 17:36:13 UTC [ussd-framework-logger] DEBUG Sending ussd response: UssdResponse{type=Response, message=PHP UssdFramework

Enter your name:
, clientState=, exception=, nextRoute=UssdApp\MainController.formProcessor, redirect=, autoDialOn=1} 
